2023-08-29 16:06:30,364 - INFO - kpi Standard Output:
f_intent_account
f_bombora_select_topic
f_intent_lead
f_intent_account_agg
f_intent_lead_agg

2023-08-29 16:06:30,364 - INFO - kpi script executed successfully.
2023-08-29 16:21:01,808 - INFO - kpi Standard Output:
f_intent_account
f_bombora_select_topic
f_intent_lead
f_intent_account_agg
f_intent_lead_agg

2023-08-29 16:21:01,808 - INFO - kpi script executed successfully.
2023-09-04 05:33:21,617 - INFO - kpi Standard Output:
f_intent_account
f_bombora_select_topic
f_intent_lead
f_intent_account_agg
f_intent_lead_agg

2023-09-04 05:33:21,617 - INFO - kpi script executed successfully.
2023-09-11 07:37:45,095 - INFO - kpi Standard Output:
f_intent_account
f_bombora_select_topic
f_intent_lead
f_intent_account_agg
f_intent_lead_agg

2023-09-11 07:37:45,095 - INFO - kpi script executed successfully.
